Determining if the pthread_create exist failed with the following output:
Change Dir: /home/lovesy/Course/CN/Lab7/common/cmake-build-debug/CMakeFiles/CMakeTmp

Run Build Command:"/usr/bin/make" "cmTC_1f26b/fast"
/usr/bin/make -f CMakeFiles/cmTC_1f26b.dir/build.make CMakeFiles/cmTC_1f26b.dir/build
make[1]: Entering directory '/home/lovesy/Course/CN/Lab7/common/cmake-build-debug/CMakeFiles/CMakeTmp'
Building C object CMakeFiles/cmTC_1f26b.dir/CheckSymbolExists.c.o
/usr/bin/cc    -o CMakeFiles/cmTC_1f26b.dir/CheckSymbolExists.c.o   -c /home/lovesy/Course/CN/Lab7/common/cmake-build-debug/CMakeFiles/CMakeTmp/CheckSymbolExists.c
Linking C executable cmTC_1f26b
/snap/clion/17/bin/cmake/bin/cmake -E cmake_link_script CMakeFiles/cmTC_1f26b.dir/link.txt --verbose=1
/usr/bin/cc      CMakeFiles/cmTC_1f26b.dir/CheckSymbolExists.c.o  -o cmTC_1f26b 
CMakeFiles/cmTC_1f26b.dir/CheckSymbolExists.c.o: In function `main':
CheckSymbolExists.c:(.text+0x16): undefined reference to `pthread_create'
collect2: error: ld returned 1 exit status
CMakeFiles/cmTC_1f26b.dir/build.make:97: recipe for target 'cmTC_1f26b' failed
make[1]: *** [cmTC_1f26b] Error 1
make[1]: Leaving directory '/home/lovesy/Course/CN/Lab7/common/cmake-build-debug/CMakeFiles/CMakeTmp'
Makefile:126: recipe for target 'cmTC_1f26b/fast' failed
make: *** [cmTC_1f26b/fast] Error 2

File /home/lovesy/Course/CN/Lab7/common/cmake-build-debug/CMakeFiles/CMakeTmp/CheckSymbolExists.c:
/* */
#include <pthread.h>

int main(int argc, char** argv)
{
  (void)argv;
#ifndef pthread_create
  return ((int*)(&pthread_create))[argc];
#else
  (void)argc;
  return 0;
#endif
}

Determining if the function pthread_create exists in the pthreads failed with the following output:
Change Dir: /home/lovesy/Course/CN/Lab7/common/cmake-build-debug/CMakeFiles/CMakeTmp

Run Build Command:"/usr/bin/make" "cmTC_52621/fast"
/usr/bin/make -f CMakeFiles/cmTC_52621.dir/build.make CMakeFiles/cmTC_52621.dir/build
make[1]: Entering directory '/home/lovesy/Course/CN/Lab7/common/cmake-build-debug/CMakeFiles/CMakeTmp'
Building C object CMakeFiles/cmTC_52621.dir/CheckFunctionExists.c.o
/usr/bin/cc   -DCHECK_FUNCTION_EXISTS=pthread_create   -o CMakeFiles/cmTC_52621.dir/CheckFunctionExists.c.o   -c /snap/clion/17/bin/cmake/share/cmake-3.10/Modules/CheckFunctionExists.c
Linking C executable cmTC_52621
/snap/clion/17/bin/cmake/bin/cmake -E cmake_link_script CMakeFiles/cmTC_52621.dir/link.txt --verbose=1
/usr/bin/cc  -DCHECK_FUNCTION_EXISTS=pthread_create    CMakeFiles/cmTC_52621.dir/CheckFunctionExists.c.o  -o cmTC_52621 -lpthreads 
/usr/bin/ld: cannot find -lpthreads
collect2: error: ld returned 1 exit status
CMakeFiles/cmTC_52621.dir/build.make:97: recipe for target 'cmTC_52621' failed
make[1]: *** [cmTC_52621] Error 1
make[1]: Leaving directory '/home/lovesy/Course/CN/Lab7/common/cmake-build-debug/CMakeFiles/CMakeTmp'
Makefile:126: recipe for target 'cmTC_52621/fast' failed
make: *** [cmTC_52621/fast] Error 2


